{
  "meta": {
    "version": "5.5",
    "timestamp": "2023-10-10T17:03:43.281022",
    "branch_coverage": false,
    "show_contexts": false
  },
  "files": {
    "C:\\Data\\Code\\MovieRecommender\\Code\\__init__.py": {
      "executed_lines": [1],
      "summary": {
        "covered_lines": 0,
        "num_statements": 0,
        "percent_covered": 100.0,
        "missing_lines": 0,
        "excluded_lines": 0
      },
      "missing_lines": [],
      "excluded_lines": []
    },
    "C:\\Data\\Code\\MovieRecommender\\Code\\prediction_scripts\\item_based.py": {
      "executed_lines": [
        1, 2, 3, 5, 6, 7, 9, 12, 13, 14, 15, 16, 17, 19, 20, 21, 22, 23, 24, 25,
        26, 28, 29, 30, 31, 32, 34, 35, 36, 37, 40
      ],
      "summary": {
        "covered_lines": 31,
        "num_statements": 31,
        "percent_covered": 100.0,
        "missing_lines": 0,
        "excluded_lines": 0
      },
      "missing_lines": [],
      "excluded_lines": []
    },
    "C:\\Data\\Code\\MovieRecommender\\Code\\recommenderapp\\search.py": {
      "executed_lines": [
        1, 4, 5, 6, 8, 9, 10, 13, 15, 17, 18, 20, 21, 22, 23, 24, 25, 26, 27,
        28, 30, 31, 32, 33, 34, 35, 36, 37, 38, 40, 41, 42, 43, 44, 45, 46, 47,
        49, 50, 53
      ],
      "summary": {
        "covered_lines": 40,
        "num_statements": 41,
        "percent_covered": 97.5609756097561,
        "missing_lines": 1,
        "excluded_lines": 0
      },
      "missing_lines": [54],
      "excluded_lines": []
    },
    "test_search.py": {
      "executed_lines": [
        1, 2, 3, 4, 6, 7, 9, 12, 13, 14, 15, 16, 17, 27, 29, 30, 31, 32, 33, 45,
        47, 48, 49, 50, 51, 52, 54, 55, 56, 57, 58, 70, 73, 74
      ],
      "summary": {
        "covered_lines": 34,
        "num_statements": 34,
        "percent_covered": 100.0,
        "missing_lines": 0,
        "excluded_lines": 0
      },
      "missing_lines": [],
      "excluded_lines": []
    },
    "tests.py": {
      "executed_lines": [
        1, 2, 3, 5, 6, 8, 11, 12, 13, 16, 17, 19, 20, 23, 24, 26, 27, 30, 31,
        33, 34, 37, 38, 40, 41, 44, 45, 47, 48, 51, 52, 55, 56, 57, 60, 63, 64,
        67, 68, 70, 71, 74, 75, 77, 78, 81, 82, 84, 85, 88, 89, 91, 92, 95, 96,
        98, 99, 102, 103, 105, 106, 110, 112, 113, 114, 115, 117, 118, 121, 122
      ],
      "summary": {
        "covered_lines": 63,
        "num_statements": 65,
        "percent_covered": 96.92307692307692,
        "missing_lines": 2,
        "excluded_lines": 0
      },
      "missing_lines": [61, 111],
      "excluded_lines": []
    }
  },
  "totals": {
    "covered_lines": 168,
    "num_statements": 171,
    "percent_covered": 98.24561403508773,
    "missing_lines": 3,
    "excluded_lines": 0
  }
}
