{"meta": {"version": "5.5", "timestamp": "2023-10-15T00:08:35.974316", "branch_coverage": false, "show_contexts": false}, "files": {"C:\\Data\\Code\\MovieRecommender\\Code\\__init__.py": {"executed_lines": [1], "summary": {"covered_lines": 0, "num_statements": 0, "percent_covered": 100.0, "missing_lines": 0, "excluded_lines": 0}, "missing_lines": [], "excluded_lines": []}, "C:\\Data\\Code\\MovieRecommender\\Code\\prediction_scripts\\item_based.py": {"executed_lines": [42, 43, 44, 45, 47, 48, 49, 51, 54, 55, 56, 58, 59, 60, 62, 63, 64, 66, 68, 70, 72, 74, 78, 79, 80, 85, 87, 88, 89, 90, 91, 94, 97, 100, 103], "summary": {"covered_lines": 35, "num_statements": 35, "percent_covered": 100.0, "missing_lines": 0, "excluded_lines": 0}, "missing_lines": [], "excluded_lines": []}, "C:\\Data\\Code\\MovieRecommender\\Code\\recommenderapp\\search.py": {"executed_lines": [1, 4, 5, 6, 8, 9, 10, 13, 14, 16, 17, 19, 20, 21, 22, 23, 24, 25, 26, 27, 29, 30, 31, 32, 33, 34, 35, 36, 37, 39, 40, 41, 42, 43, 44, 45, 46, 48, 49, 52], "summary": {"covered_lines": 40, "num_statements": 41, "percent_covered": 97.5609756097561, "missing_lines": 1, "excluded_lines": 0}, "missing_lines": [53], "excluded_lines": []}, "test_search.py": {"executed_lines": [1, 2, 3, 4, 6, 7, 9, 12, 13, 14, 15, 16, 17, 27, 29, 30, 31, 32, 33, 45, 47, 48, 49, 50, 51, 52, 54, 55, 56, 57, 58, 70, 73, 74], "summary": {"covered_lines": 34, "num_statements": 34, "percent_covered": 100.0, "missing_lines": 0, "excluded_lines": 0}, "missing_lines": [], "excluded_lines": []}, "tests.py": {"executed_lines": [1, 2, 3, 5, 6, 8, 11, 12, 13, 16, 17, 24, 25, 28, 29, 33, 34, 37, 38, 42, 43, 46, 47, 54, 55, 58, 59, 63, 64, 67, 68, 72, 73, 76, 77, 81, 82, 85, 86, 90, 91, 94, 95, 102, 103, 106, 107, 111, 112, 115, 116, 123, 124, 127, 128, 135, 136, 139, 140, 144, 145, 149, 150, 155, 156], "summary": {"covered_lines": 65, "num_statements": 65, "percent_covered": 100.0, "missing_lines": 0, "excluded_lines": 0}, "missing_lines": [], "excluded_lines": []}}, "totals": {"covered_lines": 174, "num_statements": 175, "percent_covered": 99.42857142857143, "missing_lines": 1, "excluded_lines": 0}}